<?xml version="1.0" encoding="UTF-8"?>
<coverage generated="1774938440423" clover="3.2.0">
  <project timestamp="1774938440423" name="All files">
    <metrics statements="15" coveredstatements="14" conditionals="0" coveredconditionals="0" methods="12" coveredmethods="11" elements="27" coveredelements="25" complexity="0" loc="15" ncloc="15" packages="1" files="5" classes="5"/>
    <file name="AsyncData.jsx" path="C:\Users\sanjay.sakthivel\Desktop\Part-3-React\myapp\src\AsyncData.jsx">
      <metrics statements="8" coveredstatements="7" conditionals="0" coveredconditionals="0" methods="6" coveredmethods="5"/>
      <line num="5" count="2" type="stmt"/>
      <line num="7" count="2" type="stmt"/>
      <line num="8" count="1" type="stmt"/>
      <line num="9" count="1" type="stmt"/>
      <line num="10" count="1" type="stmt"/>
      <line num="11" count="0" type="stmt"/>
      <line num="13" count="2" type="stmt"/>
      <line num="16" count="2" type="stmt"/>
    </file>
    <file name="Button.jsx" path="C:\Users\sanjay.sakthivel\Desktop\Part-3-React\myapp\src\Button.jsx">
      <metrics statements="1" coveredstatements="1" conditionals="0" coveredconditionals="0" methods="1" coveredmethods="1"/>
      <line num="2" count="1" type="stmt"/>
    </file>
    <file name="Counter.jsx" path="C:\Users\sanjay.sakthivel\Desktop\Part-3-React\myapp\src\Counter.jsx">
      <metrics statements="3" coveredstatements="3" conditionals="0" coveredconditionals="0" methods="2" coveredmethods="2"/>
      <line num="4" count="4" type="stmt"/>
      <line num="8" count="4" type="stmt"/>
      <line num="11" count="3" type="stmt"/>
    </file>
    <file name="Hello.jsx" path="C:\Users\sanjay.sakthivel\Desktop\Part-3-React\myapp\src\Hello.jsx">
      <metrics statements="1" coveredstatements="1" conditionals="0" coveredconditionals="0" methods="1" coveredmethods="1"/>
      <line num="3" count="1" type="stmt"/>
    </file>
    <file name="ListElement.jsx" path="C:\Users\sanjay.sakthivel\Desktop\Part-3-React\myapp\src\ListElement.jsx">
      <metrics statements="2" coveredstatements="2" conditionals="0" coveredconditionals="0" methods="2" coveredmethods="2"/>
      <line num="5" count="1" type="stmt"/>
      <line num="8" count="3" type="stmt"/>
    </file>
  </project>
</coverage>
