{"C:\\Users\\sanjay.sakthivel\\Desktop\\Part-3-React\\myapp\\src\\AsyncData.jsx": {"path":"C:\\Users\\sanjay.sakthivel\\Desktop\\Part-3-React\\myapp\\src\\AsyncData.jsx","statementMap":{"0":{"start":{"line":5,"column":23},"end":{"line":5,"column":35}},"1":{"start":{"line":7,"column":0},"end":{"line":12,"column":5}},"2":{"start":{"line":8,"column":4},"end":{"line":11,"column":34}},"3":{"start":{"line":9,"column":15},"end":{"line":9,"column":25}},"4":{"start":{"line":10,"column":15},"end":{"line":10,"column":27}},"5":{"start":{"line":11,"column":16},"end":{"line":11,"column":32}},"6":{"start":{"line":13,"column":0},"end":{"line":19,"column":1}},"7":{"start":{"line":16,"column":12},"end":{"line":16,"column":46}}},"fnMap":{"0":{"name":"AsyncData","decl":{"start":{"line":3,"column":9},"end":{"line":3,"column":18}},"loc":{"start":{"line":3,"column":20},"end":{"line":21,"column":1}},"line":3},"1":{"name":"(anonymous_1)","decl":{"start":{"line":7,"column":10},"end":{"line":7,"column":11}},"loc":{"start":{"line":7,"column":14},"end":{"line":12,"column":1}},"line":7},"2":{"name":"(anonymous_2)","decl":{"start":{"line":9,"column":10},"end":{"line":9,"column":11}},"loc":{"start":{"line":9,"column":15},"end":{"line":9,"column":25}},"line":9},"3":{"name":"(anonymous_3)","decl":{"start":{"line":10,"column":10},"end":{"line":10,"column":11}},"loc":{"start":{"line":10,"column":15},"end":{"line":10,"column":27}},"line":10},"4":{"name":"(anonymous_4)","decl":{"start":{"line":11,"column":11},"end":{"line":11,"column":12}},"loc":{"start":{"line":11,"column":16},"end":{"line":11,"column":32}},"line":11},"5":{"name":"(anonymous_5)","decl":{"start":{"line":15,"column":18},"end":{"line":15,"column":19}},"loc":{"start":{"line":16,"column":12},"end":{"line":16,"column":46}},"line":16}},"branchMap":{},"s":{"0":2,"1":2,"2":1,"3":1,"4":1,"5":0,"6":2,"7":2},"f":{"0":2,"1":1,"2":1,"3":1,"4":0,"5":2},"b":{},"_coverageSchema":"1a1c01bbd47fc00a2c39e90264f33305004495a9","hash":"0806800699ccc77d088971d4846bd6e57eae43ad"}
,"C:\\Users\\sanjay.sakthivel\\Desktop\\Part-3-React\\myapp\\src\\Button.jsx": {"path":"C:\\Users\\sanjay.sakthivel\\Desktop\\Part-3-React\\myapp\\src\\Button.jsx","statementMap":{"0":{"start":{"line":2,"column":2},"end":{"line":2,"column":50}}},"fnMap":{"0":{"name":"Button","decl":{"start":{"line":1,"column":9},"end":{"line":1,"column":15}},"loc":{"start":{"line":1,"column":29},"end":{"line":3,"column":1}},"line":1}},"branchMap":{},"s":{"0":1},"f":{"0":1},"b":{},"_coverageSchema":"1a1c01bbd47fc00a2c39e90264f33305004495a9","hash":"a992e07f9e971eb9c7b8d55bc1bba842158e625e"}
,"C:\\Users\\sanjay.sakthivel\\Desktop\\Part-3-React\\myapp\\src\\Counter.jsx": {"path":"C:\\Users\\sanjay.sakthivel\\Desktop\\Part-3-React\\myapp\\src\\Counter.jsx","statementMap":{"0":{"start":{"line":4,"column":30},"end":{"line":4,"column":41}},"1":{"start":{"line":8,"column":4},"end":{"line":13,"column":5}},"2":{"start":{"line":11,"column":29},"end":{"line":11,"column":46}}},"fnMap":{"0":{"name":"Counter","decl":{"start":{"line":3,"column":9},"end":{"line":3,"column":16}},"loc":{"start":{"line":3,"column":18},"end":{"line":15,"column":1}},"line":3},"1":{"name":"(anonymous_1)","decl":{"start":{"line":11,"column":25},"end":{"line":11,"column":26}},"loc":{"start":{"line":11,"column":29},"end":{"line":11,"column":46}},"line":11}},"branchMap":{},"s":{"0":4,"1":4,"2":3},"f":{"0":4,"1":3},"b":{},"_coverageSchema":"1a1c01bbd47fc00a2c39e90264f33305004495a9","hash":"8c44ab952d637fa933fab54a604119908a5bf463"}
,"C:\\Users\\sanjay.sakthivel\\Desktop\\Part-3-React\\myapp\\src\\Hello.jsx": {"path":"C:\\Users\\sanjay.sakthivel\\Desktop\\Part-3-React\\myapp\\src\\Hello.jsx","statementMap":{"0":{"start":{"line":3,"column":2},"end":{"line":8,"column":4}}},"fnMap":{"0":{"name":"Hello","decl":{"start":{"line":2,"column":9},"end":{"line":2,"column":14}},"loc":{"start":{"line":2,"column":17},"end":{"line":9,"column":1}},"line":2}},"branchMap":{},"s":{"0":1},"f":{"0":1},"b":{},"_coverageSchema":"1a1c01bbd47fc00a2c39e90264f33305004495a9","hash":"95b6cfd02f31a42d814921997145145925e0267b"}
,"C:\\Users\\sanjay.sakthivel\\Desktop\\Part-3-React\\myapp\\src\\ListElement.jsx": {"path":"C:\\Users\\sanjay.sakthivel\\Desktop\\Part-3-React\\myapp\\src\\ListElement.jsx","statementMap":{"0":{"start":{"line":5,"column":4},"end":{"line":11,"column":5}},"1":{"start":{"line":8,"column":16},"end":{"line":8,"column":50}}},"fnMap":{"0":{"name":"ListElement","decl":{"start":{"line":4,"column":9},"end":{"line":4,"column":20}},"loc":{"start":{"line":4,"column":29},"end":{"line":12,"column":1}},"line":4},"1":{"name":"(anonymous_1)","decl":{"start":{"line":7,"column":23},"end":{"line":7,"column":24}},"loc":{"start":{"line":8,"column":16},"end":{"line":8,"column":50}},"line":8}},"branchMap":{},"s":{"0":1,"1":3},"f":{"0":1,"1":3},"b":{},"_coverageSchema":"1a1c01bbd47fc00a2c39e90264f33305004495a9","hash":"ae610b875eb70ac2613878ff5f063df90b3fdfe1"}
}
