TN:
SF:src\AsyncData.jsx
FN:3,AsyncData
FN:7,(anonymous_1)
FN:9,(anonymous_2)
FN:10,(anonymous_3)
FN:11,(anonymous_4)
FN:15,(anonymous_5)
FNF:6
FNH:5
FNDA:2,AsyncData
FNDA:1,(anonymous_1)
FNDA:1,(anonymous_2)
FNDA:1,(anonymous_3)
FNDA:0,(anonymous_4)
FNDA:2,(anonymous_5)
DA:5,2
DA:7,2
DA:8,1
DA:9,1
DA:10,1
DA:11,0
DA:13,2
DA:16,2
LF:8
LH:7
BRF:0
BRH:0
end_of_record
TN:
SF:src\Button.jsx
FN:1,Button
FNF:1
FNH:1
FNDA:1,Button
DA:2,1
LF:1
LH:1
BRF:0
BRH:0
end_of_record
TN:
SF:src\Counter.jsx
FN:3,Counter
FN:11,(anonymous_1)
FNF:2
FNH:2
FNDA:4,Counter
FNDA:3,(anonymous_1)
DA:4,4
DA:8,4
DA:11,3
LF:3
LH:3
BRF:0
BRH:0
end_of_record
TN:
SF:src\Hello.jsx
FN:2,Hello
FNF:1
FNH:1
FNDA:1,Hello
DA:3,1
LF:1
LH:1
BRF:0
BRH:0
end_of_record
TN:
SF:src\ListElement.jsx
FN:4,ListElement
FN:7,(anonymous_1)
FNF:2
FNH:2
FNDA:1,ListElement
FNDA:3,(anonymous_1)
DA:5,1
DA:8,3
LF:2
LH:2
BRF:0
BRH:0
end_of_record
